#
# There is insufficient memory for the Java Runtime Environment to continue.
# Native memory allocation (malloc) failed to allocate 1069936 bytes for Chunk::new
# Possible reasons:
#   The system is out of physical RAM or swap space
#   In 32 bit mode, the process size limit was hit
# Possible solutions:
#   Reduce memory load on the system
#   Increase physical memory or swap space
#   Check if swap backing store is full
#   Use 64 bit Java on a 64 bit OS
#   Decrease Java heap size (-Xmx/-Xms)
#   Decrease number of Java threads
#   Decrease Java thread stack sizes (-Xss)
#   Set larger code cache with -XX:ReservedCodeCacheSize=
# This output file may be truncated or incomplete.
#
#  Out of Memory Error (allocation.cpp:390), pid=12232, tid=0x00000000000014d4
#
# JRE version: OpenJDK Runtime Environment (8.0_152-b01) (build 1.8.0_152-release-915-b01)
# Java VM: OpenJDK 64-Bit Server VM (25.152-b01 mixed mode windows-amd64 compressed oops)
# Failed to write core dump. Minidumps are not enabled by default on client versions of Windows
#

---------------  T H R E A D  ---------------

Current thread (0x000000001bcf1000):  JavaThread "C2 CompilerThread2" daemon [_thread_in_native, id=5332, stack(0x000000001c6b0000,0x000000001c7b0000)]

Stack: [0x000000001c6b0000,0x000000001c7b0000]
[error occurred during error reporting (printing stack bounds), id 0xc0000005]

Native frames: (J=compiled Java code, j=interpreted, Vv=VM code, C=native code)


Current CompileTask:
C2:3283018 31185   !   4       com.sun.tools.javac.comp.Annotate::enterAttributeValue (976 bytes)


---------------  P R O C E S S  ---------------

Java Threads: ( => current thread )
  0x000000001ce57000 JavaThread "Cache worker for Java compile cache (E:\git\intranetapp\.gradle\4.1\javaCompile)" [_thread_blocked, id=5288, stack(0x000000004ff80000,0x0000000050080000)]
  0x000000001ce55000 JavaThread "Task worker for ':' Thread 7" [_thread_blocked, id=3472, stack(0x000000004cb80000,0x000000004cc80000)]
  0x000000001ce51800 JavaThread "Task worker for ':' Thread 6" [_thread_blocked, id=5160, stack(0x000000004ca80000,0x000000004cb80000)]
  0x0000000021102800 JavaThread "Task worker for ':' Thread 5" [_thread_blocked, id=4448, stack(0x000000004c980000,0x000000004ca80000)]
  0x0000000021101000 JavaThread "Task worker for ':' Thread 4" [_thread_blocked, id=12024, stack(0x000000004c880000,0x000000004c980000)]
  0x00000000210f9800 JavaThread "Task worker for ':' Thread 3" [_thread_blocked, id=7808, stack(0x000000004c780000,0x000000004c880000)]
  0x00000000210ff800 JavaThread "Task worker for ':' Thread 2" [_thread_blocked, id=5724, stack(0x000000004c680000,0x000000004c780000)]
  0x0000000021100000 JavaThread "Task worker for ':'" [_thread_in_native, id=2264, stack(0x000000004c580000,0x000000004c680000)]
  0x00000000210fe800 JavaThread "Cache worker for task history cache (E:\git\intranetapp\.gradle\4.1\taskHistory)" [_thread_blocked, id=2984, stack(0x000000004c480000,0x000000004c580000)]
  0x00000000210f5800 JavaThread "Cache worker for file content cache (E:\git\intranetapp\.gradle\4.1\fileContent)" [_thread_blocked, id=2940, stack(0x000000004c380000,0x000000004c480000)]
  0x00000000210f8800 JavaThread "build operations Thread 8" [_thread_blocked, id=13652, stack(0x000000004c280000,0x000000004c380000)]
  0x00000000210fc800 JavaThread "build operations Thread 7" [_thread_blocked, id=13748, stack(0x000000004c180000,0x000000004c280000)]
  0x00000000210fb000 JavaThread "build operations Thread 6" [_thread_blocked, id=12876, stack(0x000000004c080000,0x000000004c180000)]
  0x00000000210fb800 JavaThread "build operations Thread 5" [_thread_blocked, id=9860, stack(0x000000004bf80000,0x000000004c080000)]
  0x00000000210f7000 JavaThread "build operations Thread 4" [_thread_blocked, id=14496, stack(0x000000004be80000,0x000000004bf80000)]
  0x00000000210f8000 JavaThread "build operations Thread 3" [_thread_blocked, id=10620, stack(0x000000004bd80000,0x000000004be80000)]
  0x00000000210f4000 JavaThread "build operations Thread 2" [_thread_blocked, id=11184, stack(0x000000004bc80000,0x000000004bd80000)]
  0x00000000210fa000 JavaThread "build operations" [_thread_blocked, id=6240, stack(0x000000004bb80000,0x000000004bc80000)]
  0x00000000210f5000 JavaThread "Cache worker for Artifact transforms cache (C:\Users\Aban\.gradle\caches\transforms-1)" [_thread_blocked, id=7828, stack(0x000000004ba80000,0x000000004bb80000)]
  0x00000000210f6800 JavaThread "Cache worker for file hash cache (E:\git\intranetapp\.gradle\4.1\fileHashes)" [_thread_blocked, id=11612, stack(0x000000004b980000,0x000000004ba80000)]
  0x0000000020b2b800 JavaThread "Asynchronous log dispatcher for DefaultDaemonConnection: socket connection from /127.0.0.1:50384 to /127.0.0.1:52164" [_thread_blocked, id=1308, stack(0x000000004b780000,0x000000004b880000)]
  0x0000000020b29800 JavaThread "Daemon worker Thread 5" [_thread_blocked, id=6720, stack(0x000000004b680000,0x000000004b780000)]
  0x0000000020b2e800 JavaThread "Cancel handler" [_thread_blocked, id=7356, stack(0x000000004b580000,0x000000004b680000)]
  0x0000000020b2a000 JavaThread "Handler for socket connection from /127.0.0.1:50384 to /127.0.0.1:52164" [_thread_in_native, id=6448, stack(0x000000004b480000,0x000000004b580000)]
  0x0000000020b2c800 JavaThread "Daemon Thread 5" [_thread_blocked, id=4404, stack(0x000000004b380000,0x000000004b480000)]
  0x000000001ce54800 JavaThread "Memory manager" [_thread_blocked, id=9584, stack(0x0000000025780000,0x0000000025880000)]
  0x000000001d1f0000 JavaThread "File lock request listener" [_thread_in_native, id=8236, stack(0x0000000020500000,0x0000000020600000)]
  0x000000001be40000 JavaThread "Cache worker for file hash cache (C:\Users\Aban\.gradle\caches\4.1\fileHashes)" [_thread_blocked, id=12868, stack(0x0000000020400000,0x0000000020500000)]
  0x000000001dc25800 JavaThread "Daemon periodic checks" [_thread_blocked, id=2028, stack(0x000000001fa00000,0x000000001fb00000)]
  0x000000001e256000 JavaThread "Incoming local TCP Connector on port 50384" [_thread_in_native, id=8480, stack(0x000000001e280000,0x000000001e380000)]
  0x000000001bd6e000 JavaThread "Service Thread" daemon [_thread_blocked, id=13224, stack(0x000000001c8b0000,0x000000001c9b0000)]
  0x000000001bd57800 JavaThread "C1 CompilerThread3" daemon [_thread_blocked, id=1312, stack(0x000000001c7b0000,0x000000001c8b0000)]
=>0x000000001bcf1000 JavaThread "C2 CompilerThread2" daemon [_thread_in_native, id=5332, stack(0x000000001c6b0000,0x000000001c7b0000)]
  0x000000001bcef000 JavaThread "C2 CompilerThread1" daemon [_thread_blocked, id=8008, stack(0x000000001c5b0000,0x000000001c6b0000)]
  0x000000001bced000 JavaThread "C2 CompilerThread0" daemon [_thread_blocked, id=12604, stack(0x000000001c4b0000,0x000000001c5b0000)]
  0x000000001bceb000 JavaThread "Attach Listener" daemon [_thread_blocked, id=9260, stack(0x000000001c3b0000,0x000000001c4b0000)]
  0x000000001bcea000 JavaThread "Signal Dispatcher" daemon [_thread_blocked, id=6236, stack(0x000000001c2b0000,0x000000001c3b0000)]
  0x000000001bce0800 JavaThread "Finalizer" daemon [_thread_blocked, id=2280, stack(0x000000001c0c0000,0x000000001c1c0000)]
  0x0000000004d7a000 JavaThread "Reference Handler" daemon [_thread_blocked, id=13140, stack(0x000000001bbc0000,0x000000001bcc0000)]
  0x0000000004b5e800 JavaThread "main" [_thread_blocked, id=6216, stack(0x0000000004b60000,0x0000000004c60000)]

Other Threads:
  0x0000000019de5000 VMThread [stack: 0x000000001bac0000,0x000000001bbc0000] [id=14772]
  0x000000001bd6f000 WatcherThread [stack: 0x000000001c9b0000,0x000000001cab0000] [id=7348]

VM state:not at safepoint (normal execution)

VM Mutex/Monitor currently owned by a thread: None

Heap:
 PSYoungGen      total 514560K, used 8756K [0x00000000d5580000, 0x00000000ffc80000, 0x0000000100000000)
  eden space 358912K, 2% used [0x00000000d5580000,0x00000000d5e0d220,0x00000000eb400000)
  from space 155648K, 0% used [0x00000000eb400000,0x00000000eb400000,0x00000000f4c00000)
  to   space 152576K, 0% used [0x00000000f6780000,0x00000000f6780000,0x00000000ffc80000)
 ParOldGen       total 398336K, used 287172K [0x0000000080000000, 0x0000000098500000, 0x00000000d5580000)
  object space 398336K, 72% used [0x0000000080000000,0x0000000091871148,0x0000000098500000)
 Metaspace       used 108331K, capacity 114946K, committed 127744K, reserved 1159168K
  class space    used 13663K, capacity 15223K, committed 17152K, reserved 1048576K

Card table byte_map: [0x0000000014140000,0x0000000014550000] byte_map_base: 0x0000000013d40000

Marking Bits: (ParMarkBitMap*) 0x0000000057a83950
 Begin Bits: [0x0000000015000000, 0x0000000017000000)
 End Bits:   [0x0000000017000000, 0x0000000019000000)

Polling page: 0x0000000002d20000

CodeCache: size=245760Kb used=87782Kb max_used=87794Kb free=157977Kb
 bounds [0x0000000004d80000, 0x000000000a3b0000, 0x0000000013d80000]
 total_blobs=24000 nmethods=23119 adapters=792
 compilation: enabled

Compilation events (10 events):
Event: 3247.618 Thread 0x000000001bd57800 31188       3       com.sun.tools.javac.jvm.ClassReader$AttributeReader::<init> (26 bytes)
Event: 3247.619 Thread 0x000000001bd57800 nmethod 31188 0x000000000a375ad0 code [0x000000000a375c20, 0x000000000a375e10]
Event: 3281.636 Thread 0x000000001bced000 31189 %     4       java.lang.ref.Reference$ReferenceHandler::run @ 0 (8 bytes)
Event: 3281.636 Thread 0x000000001bd57800 31190   !   3       java.util.concurrent.ThreadPoolExecutor::tryTerminate (161 bytes)
Event: 3281.639 Thread 0x000000001bced000 nmethod 31189% 0x000000000a1dba10 code [0x000000000a1dbb60, 0x000000000a1dbbe8]
Event: 3281.660 Thread 0x000000001bd57800 nmethod 31190 0x000000000a39b3d0 code [0x000000000a39b6e0, 0x000000000a39cfb8]
Event: 3281.661 Thread 0x000000001bd57800 31191   !   3       java.util.concurrent.ThreadPoolExecutor::interruptIdleWorkers (120 bytes)
Event: 3281.664 Thread 0x000000001bd57800 nmethod 31191 0x000000000a3ac450 code [0x000000000a3ac700, 0x000000000a3adf38]
Event: 3281.664 Thread 0x000000001bd57800 31192       1       com.sun.crypto.provider.AESCipher::engineGetBlockSize (3 bytes)
Event: 3281.664 Thread 0x000000001bd57800 nmethod 31192 0x000000000a381e90 code [0x000000000a381fe0, 0x000000000a3820f0]

GC Heap History (10 events):
Event: 2946.657 GC heap before
{Heap before GC invocations=45 (full 5):
 PSYoungGen      total 341504K, used 341360K [0x00000000d5580000, 0x00000000ffa80000, 0x0000000100000000)
  eden space 339968K, 100% used [0x00000000d5580000,0x00000000ea180000,0x00000000ea180000)
  from space 1536K, 90% used [0x00000000ea180000,0x00000000ea2dc010,0x00000000ea300000)
  to   space 176640K, 0% used [0x00000000f4e00000,0x00000000f4e00000,0x00000000ffa80000)
 ParOldGen       total 398336K, used 331189K [0x0000000080000000, 0x0000000098500000, 0x00000000d5580000)
  object space 398336K, 83% used [0x0000000080000000,0x000000009436d4c0,0x0000000098500000)
 Metaspace       used 108930K, capacity 115442K, committed 115584K, reserved 1148928K
  class space    used 13850K, capacity 15444K, committed 15488K, reserved 1048576K
Event: 2946.683 GC heap after
Heap after GC invocations=45 (full 5):
 PSYoungGen      total 520704K, used 8130K [0x00000000d5580000, 0x0000000100000000, 0x0000000100000000)
  eden space 344064K, 0% used [0x00000000d5580000,0x00000000d5580000,0x00000000ea580000)
  from space 176640K, 4% used [0x00000000f4e00000,0x00000000f55f08e0,0x00000000ffa80000)
  to   space 172544K, 0% used [0x00000000ea580000,0x00000000ea580000,0x00000000f4e00000)
 ParOldGen       total 398336K, used 332314K [0x0000000080000000, 0x0000000098500000, 0x00000000d5580000)
  object space 398336K, 83% used [0x0000000080000000,0x0000000094486ac0,0x0000000098500000)
 Metaspace       used 108930K, capacity 115442K, committed 115584K, reserved 1148928K
  class space    used 13850K, capacity 15444K, committed 15488K, reserved 1048576K
}
Event: 3102.202 GC heap before
{Heap before GC invocations=46 (full 5):
 PSYoungGen      total 520704K, used 352194K [0x00000000d5580000, 0x0000000100000000, 0x0000000100000000)
  eden space 344064K, 100% used [0x00000000d5580000,0x00000000ea580000,0x00000000ea580000)
  from space 176640K, 4% used [0x00000000f4e00000,0x00000000f55f08e0,0x00000000ffa80000)
  to   space 172544K, 0% used [0x00000000ea580000,0x00000000ea580000,0x00000000f4e00000)
 ParOldGen       total 398336K, used 332314K [0x0000000080000000, 0x0000000098500000, 0x00000000d5580000)
  object space 398336K, 83% used [0x0000000080000000,0x0000000094486ac0,0x0000000098500000)
 Metaspace       used 109711K, capacity 117008K, committed 117120K, reserved 1150976K
  class space    used 13974K, capacity 15693K, committed 15744K, reserved 1048576K
Event: 3102.273 GC heap after
Heap after GC invocations=46 (full 5):
 PSYoungGen      total 516608K, used 7573K [0x00000000d5580000, 0x00000000ff200000, 0x0000000100000000)
  eden space 344064K, 0% used [0x00000000d5580000,0x00000000d5580000,0x00000000ea580000)
  from space 172544K, 4% used [0x00000000ea580000,0x00000000eace5778,0x00000000f4e00000)
  to   space 167424K, 0% used [0x00000000f4e80000,0x00000000f4e80000,0x00000000ff200000)
 ParOldGen       total 398336K, used 336934K [0x0000000080000000, 0x0000000098500000, 0x00000000d5580000)
  object space 398336K, 84% used [0x0000000080000000,0x0000000094909ab8,0x0000000098500000)
 Metaspace       used 109711K, capacity 117008K, committed 117120K, reserved 1150976K
  class space    used 13974K, capacity 15693K, committed 15744K, reserved 1048576K
}
Event: 3224.806 GC heap before
{Heap before GC invocations=47 (full 5):
 PSYoungGen      total 516608K, used 351637K [0x00000000d5580000, 0x00000000ff200000, 0x0000000100000000)
  eden space 344064K, 100% used [0x00000000d5580000,0x00000000ea580000,0x00000000ea580000)
  from space 172544K, 4% used [0x00000000ea580000,0x00000000eace5778,0x00000000f4e00000)
  to   space 167424K, 0% used [0x00000000f4e80000,0x00000000f4e80000,0x00000000ff200000)
 ParOldGen       total 398336K, used 336934K [0x0000000080000000, 0x0000000098500000, 0x00000000d5580000)
  object space 398336K, 84% used [0x0000000080000000,0x0000000094909ab8,0x0000000098500000)
 Metaspace       used 109754K, capacity 117078K, committed 117376K, reserved 1150976K
  class space    used 13975K, capacity 15694K, committed 15744K, reserved 1048576K
Event: 3224.902 GC heap after
Heap after GC invocations=47 (full 5):
 PSYoungGen      total 512000K, used 47069K [0x00000000d5580000, 0x00000000fe400000, 0x0000000100000000)
  eden space 358912K, 0% used [0x00000000d5580000,0x00000000d5580000,0x00000000eb400000)
  from space 153088K, 30% used [0x00000000f4e80000,0x00000000f7c77748,0x00000000fe400000)
  to   space 155648K, 0% used [0x00000000eb400000,0x00000000eb400000,0x00000000f4c00000)
 ParOldGen       total 398336K, used 342513K [0x0000000080000000, 0x0000000098500000, 0x00000000d5580000)
  object space 398336K, 85% used [0x0000000080000000,0x0000000094e7c410,0x0000000098500000)
 Metaspace       used 109754K, capacity 117078K, committed 117376K, reserved 1150976K
  class space    used 13975K, capacity 15694K, committed 15744K, reserved 1048576K
}
Event: 3247.676 GC heap before
{Heap before GC invocations=48 (full 5):
 PSYoungGen      total 512000K, used 405981K [0x00000000d5580000, 0x00000000fe400000, 0x0000000100000000)
  eden space 358912K, 100% used [0x00000000d5580000,0x00000000eb400000,0x00000000eb400000)
  from space 153088K, 30% used [0x00000000f4e80000,0x00000000f7c77748,0x00000000fe400000)
  to   space 155648K, 0% used [0x00000000eb400000,0x00000000eb400000,0x00000000f4c00000)
 ParOldGen       total 398336K, used 342513K [0x0000000080000000, 0x0000000098500000, 0x00000000d5580000)
  object space 398336K, 85% used [0x0000000080000000,0x0000000094e7c410,0x0000000098500000)
 Metaspace       used 119774K, capacity 127404K, committed 127744K, reserved 1159168K
  class space    used 15252K, capacity 17033K, committed 17152K, reserved 1048576K
Event: 3247.983 GC heap after
Heap after GC invocations=48 (full 5):
 PSYoungGen      total 514560K, used 67478K [0x00000000d5580000, 0x00000000ffc80000, 0x0000000100000000)
  eden space 358912K, 0% used [0x00000000d5580000,0x00000000d5580000,0x00000000eb400000)
  from space 155648K, 43% used [0x00000000eb400000,0x00000000ef5e5990,0x00000000f4c00000)
  to   space 152576K, 0% used [0x00000000f6780000,0x00000000f6780000,0x00000000ffc80000)
 ParOldGen       total 398336K, used 381048K [0x0000000080000000, 0x0000000098500000, 0x00000000d5580000)
  object space 398336K, 95% used [0x0000000080000000,0x000000009741e128,0x0000000098500000)
 Metaspace       used 119774K, capacity 127404K, committed 127744K, reserved 1159168K
  class space    used 15252K, capacity 17033K, committed 17152K, reserved 1048576K
}
Event: 3247.991 GC heap before
{Heap before GC invocations=49 (full 6):
 PSYoungGen      total 514560K, used 67478K [0x00000000d5580000, 0x00000000ffc80000, 0x0000000100000000)
  eden space 358912K, 0% used [0x00000000d5580000,0x00000000d5580000,0x00000000eb400000)
  from space 155648K, 43% used [0x00000000eb400000,0x00000000ef5e5990,0x00000000f4c00000)
  to   space 152576K, 0% used [0x00000000f6780000,0x00000000f6780000,0x00000000ffc80000)
 ParOldGen       total 398336K, used 381048K [0x0000000080000000, 0x0000000098500000, 0x00000000d5580000)
  object space 398336K, 95% used [0x0000000080000000,0x000000009741e128,0x0000000098500000)
 Metaspace       used 119774K, capacity 127404K, committed 127744K, reserved 1159168K
  class space    used 15252K, capacity 17033K, committed 17152K, reserved 1048576K
Event: 3281.380 GC heap after
Heap after GC invocations=49 (full 6):
 PSYoungGen      total 514560K, used 0K [0x00000000d5580000, 0x00000000ffc80000, 0x0000000100000000)
  eden space 358912K, 0% used [0x00000000d5580000,0x00000000d5580000,0x00000000eb400000)
  from space 155648K, 0% used [0x00000000eb400000,0x00000000eb400000,0x00000000f4c00000)
  to   space 152576K, 0% used [0x00000000f6780000,0x00000000f6780000,0x00000000ffc80000)
 ParOldGen       total 398336K, used 287172K [0x0000000080000000, 0x0000000098500000, 0x00000000d5580000)
  object space 398336K, 72% used [0x0000000080000000,0x0000000091871148,0x0000000098500000)
 Metaspace       used 108329K, capacity 114946K, committed 127744K, reserved 1159168K
  class space    used 13663K, capacity 15223K, committed 17152K, reserved 1048576K
}

Deoptimization events (10 events):
Event: 3235.683 Thread 0x0000000021100000 Uncommon trap: reason=class_check action=maybe_recompile pc=0x0000000007b0095c method=dagger.shaded.auto.common.MoreTypes.isTypeOf(Ljava/lang/Class;Ljavax/lang/model/type/TypeMirror;)Z @ 15
Event: 3235.684 Thread 0x0000000021100000 Uncommon trap: reason=class_check action=maybe_recompile pc=0x0000000009ff4184 method=dagger.shaded.auto.common.MoreTypes.isType(Ljavax/lang/model/type/TypeMirror;)Z @ 5
Event: 3235.684 Thread 0x0000000021100000 Uncommon trap: reason=class_check action=maybe_recompile pc=0x0000000007b0095c method=dagger.shaded.auto.common.MoreTypes.isTypeOf(Ljava/lang/Class;Ljavax/lang/model/type/TypeMirror;)Z @ 15
Event: 3236.579 Thread 0x0000000021100000 Uncommon trap: reason=unstable_if action=reinterpret pc=0x000000000a0db6bc method=com.google.common.collect.ImmutableSet.construct(I[Ljava/lang/Object;)Lcom/google/common/collect/ImmutableSet; @ 175
Event: 3238.088 Thread 0x0000000021100000 Uncommon trap: reason=unstable_if action=reinterpret pc=0x000000000a0e88d0 method=com.google.common.collect.ImmutableSet.construct(I[Ljava/lang/Object;)Lcom/google/common/collect/ImmutableSet; @ 201
Event: 3247.168 Thread 0x0000000021100000 Uncommon trap: reason=predicate action=maybe_recompile pc=0x0000000004fd5024 method=com.sun.tools.javac.util.List.toArray([Ljava/lang/Object;)[Ljava/lang/Object; @ 14
Event: 3247.188 Thread 0x0000000021100000 Uncommon trap: reason=array_check action=maybe_recompile pc=0x000000000a372ae8 method=com.sun.tools.javac.util.List.toArray([Ljava/lang/Object;)[Ljava/lang/Object; @ 27
Event: 3247.188 Thread 0x0000000021100000 Uncommon trap: reason=array_check action=maybe_recompile pc=0x000000000a372ae8 method=com.sun.tools.javac.util.List.toArray([Ljava/lang/Object;)[Ljava/lang/Object; @ 27
Event: 3247.188 Thread 0x0000000021100000 Uncommon trap: reason=array_check action=maybe_recompile pc=0x000000000a372ae8 method=com.sun.tools.javac.util.List.toArray([Ljava/lang/Object;)[Ljava/lang/Object; @ 27
Event: 3247.188 Thread 0x0000000021100000 Uncommon trap: reason=array_check action=maybe_recompile pc=0x000000000a372ae8 method=com.sun.tools.javac.util.List.toArray([Ljava/lang/Object;)[Ljava/lang/Object; @ 27

Classes redefined (0 events):
No events

Internal exceptions (10 events):
Event: 3093.253 Thread 0x0000000020b29800 Exception <a 'sun/nio/fs/WindowsException'> (0x00000000e5732908) thrown at [D:\src\AOSP-openjdk-cygwin\jdk8u\hotspot\src\share\vm\prims\jni.cpp, line 709]
Event: 3093.253 Thread 0x0000000020b29800 Exception <a 'sun/nio/fs/WindowsException'> (0x00000000e57334f0) thrown at [D:\src\AOSP-openjdk-cygwin\jdk8u\hotspot\src\share\vm\prims\jni.cpp, line 709]
Event: 3093.254 Thread 0x0000000020b29800 Exception <a 'sun/nio/fs/WindowsException'> (0x00000000e5736060) thrown at [D:\src\AOSP-openjdk-cygwin\jdk8u\hotspot\src\share\vm\prims\jni.cpp, line 709]
Event: 3093.254 Thread 0x0000000020b29800 Exception <a 'sun/nio/fs/WindowsException'> (0x00000000e5736ce8) thrown at [D:\src\AOSP-openjdk-cygwin\jdk8u\hotspot\src\share\vm\prims\jni.cpp, line 709]
Event: 3093.254 Thread 0x0000000020b29800 Exception <a 'sun/nio/fs/WindowsException'> (0x00000000e57389a0) thrown at [D:\src\AOSP-openjdk-cygwin\jdk8u\hotspot\src\share\vm\prims\jni.cpp, line 709]
Event: 3093.254 Thread 0x0000000020b29800 Exception <a 'sun/nio/fs/WindowsException'> (0x00000000e5739668) thrown at [D:\src\AOSP-openjdk-cygwin\jdk8u\hotspot\src\share\vm\prims\jni.cpp, line 709]
Event: 3093.712 Thread 0x0000000020b29800 Exception <a 'java/lang/reflect/InvocationTargetException'> (0x00000000e6be3238) thrown at [D:\src\AOSP-openjdk-cygwin\jdk8u\hotspot\src\share\vm\runtime\reflection.cpp, line 1092]
Event: 3093.752 Thread 0x0000000020b29800 Exception <a 'java/lang/reflect/InvocationTargetException'> (0x00000000e6c33678) thrown at [D:\src\AOSP-openjdk-cygwin\jdk8u\hotspot\src\share\vm\runtime\reflection.cpp, line 1092]
Event: 3245.120 Thread 0x000000001ce52000 Implicit null exception at 0x00000000066fb08a to 0x00000000066fb2fa
Event: 3245.120 Thread 0x000000001ce52000 Exception <a 'java/lang/NullPointerException'> (0x00000000e0c50a38) thrown at [D:\src\AOSP-openjdk-cygwin\jdk8u\hotspot\src\share\vm\runtime\sharedRuntime.cpp, line 605]

Events (10 events):
Event: 3281.517 Thread 0x000000001ce5a000 Thread exited: 0x000000001ce5a000
Event: 3281.582 Executing VM operation: BulkRevokeBias
Event: 3281.635 Executing VM operation: BulkRevokeBias done
Event: 3281.661 Thread 0x000000001bced000 flushing nmethod 0x0000000004f042d0
Event: 3281.661 Executing VM operation: RevokeBias
Event: 3281.662 Executing VM operation: RevokeBias done
Event: 3281.663 Executing VM operation: RevokeBias
Event: 3281.663 Executing VM operation: RevokeBias done
Event: 3281.663 Executing VM operation: RevokeBias
Event: 3281.664 Executing VM operation: RevokeBias done


Dynamic libraries:
0x00007ff7d2b60000 - 0x00007ff7d2b91000 	C:\Program Files\Android\Android Studio\jre\bin\java.exe
0x00007fff55940000 - 0x00007fff55b20000 	C:\WINDOWS\SYSTEM32\ntdll.dll
0x00007fff55040000 - 0x00007fff550ee000 	C:\WINDOWS\System32\KERNEL32.DLL
0x00007fff51fe0000 - 0x00007fff52246000 	C:\WINDOWS\System32\KERNELBASE.dll
0x00007fff53990000 - 0x00007fff53a31000 	C:\WINDOWS\System32\ADVAPI32.dll
0x00007fff52fd0000 - 0x00007fff5306d000 	C:\WINDOWS\System32\msvcrt.dll
0x00007fff53590000 - 0x00007fff535eb000 	C:\WINDOWS\System32\sechost.dll
0x00007fff55540000 - 0x00007fff5565f000 	C:\WINDOWS\System32\RPCRT4.dll
0x00007fff53800000 - 0x00007fff5398f000 	C:\WINDOWS\System32\USER32.dll
0x00007fff51e70000 - 0x00007fff51e90000 	C:\WINDOWS\System32\win32u.dll
0x00007fff55660000 - 0x00007fff55688000 	C:\WINDOWS\System32\GDI32.dll
0x00007fff52aa0000 - 0x00007fff52c33000 	C:\WINDOWS\System32\gdi32full.dll
0x00007fff51e90000 - 0x00007fff51f2b000 	C:\WINDOWS\System32\msvcp_win.dll
0x00007fff52250000 - 0x00007fff52346000 	C:\WINDOWS\System32\ucrtbase.dll
0x00007fff406c0000 - 0x00007fff40929000 	C:\WINDOWS\WinSxS\amd64_microsoft.windows.common-controls_6595b64144ccf1df_6.0.16299.98_none_cc930a042215c348\COMCTL32.dll
0x00007fff53070000 - 0x00007fff53378000 	C:\WINDOWS\System32\combase.dll
0x00007fff51da0000 - 0x00007fff51e12000 	C:\WINDOWS\System32\bcryptPrimitives.dll
0x00007fff536c0000 - 0x00007fff536ed000 	C:\WINDOWS\System32\IMM32.DLL
0x0000000057100000 - 0x00000000571d2000 	C:\Program Files\Android\Android Studio\jre\jre\bin\msvcr100.dll
0x00000000572c0000 - 0x0000000057afe000 	C:\Program Files\Android\Android Studio\jre\jre\bin\server\jvm.dll
0x00007fff55030000 - 0x00007fff55038000 	C:\WINDOWS\System32\PSAPI.DLL
0x00007fff504f0000 - 0x00007fff504f9000 	C:\WINDOWS\SYSTEM32\WSOCK32.dll
0x00007fff40d30000 - 0x00007fff40d53000 	C:\WINDOWS\SYSTEM32\WINMM.dll
0x00007fff4b7c0000 - 0x00007fff4b7ca000 	C:\WINDOWS\SYSTEM32\VERSION.dll
0x00007fff53490000 - 0x00007fff534fc000 	C:\WINDOWS\System32\WS2_32.dll
0x00007fff40d00000 - 0x00007fff40d2a000 	C:\WINDOWS\SYSTEM32\WINMMBASE.dll
0x00007fff51e20000 - 0x00007fff51e6a000 	C:\WINDOWS\System32\cfgmgr32.dll
0x00007fff4df10000 - 0x00007fff4df1f000 	C:\Program Files\Android\Android Studio\jre\jre\bin\verify.dll
0x00007fff4d2a0000 - 0x00007fff4d2c9000 	C:\Program Files\Android\Android Studio\jre\jre\bin\java.dll
0x00007fff4d280000 - 0x00007fff4d296000 	C:\Program Files\Android\Android Studio\jre\jre\bin\zip.dll
0x00007fff53bf0000 - 0x00007fff55026000 	C:\WINDOWS\System32\SHELL32.dll
0x00007fff53750000 - 0x00007fff537f6000 	C:\WINDOWS\System32\shcore.dll
0x00007fff52350000 - 0x00007fff52a97000 	C:\WINDOWS\System32\windows.storage.dll
0x00007fff536f0000 - 0x00007fff53741000 	C:\WINDOWS\System32\shlwapi.dll
0x00007fff51cb0000 - 0x00007fff51cc1000 	C:\WINDOWS\System32\kernel.appcore.dll
0x00007fff51cf0000 - 0x00007fff51d3c000 	C:\WINDOWS\System32\powrprof.dll
0x00007fff51c90000 - 0x00007fff51cab000 	C:\WINDOWS\System32\profapi.dll
0x00007fff4c6f0000 - 0x00007fff4c70a000 	C:\Program Files\Android\Android Studio\jre\jre\bin\net.dll
0x00007fff514c0000 - 0x00007fff51526000 	C:\WINDOWS\system32\mswsock.dll
0x00007fff4c2f0000 - 0x00007fff4c301000 	C:\Program Files\Android\Android Studio\jre\jre\bin\nio.dll
0x00007fff4bbf0000 - 0x00007fff4bc0e000 	C:\Users\Aban\.gradle\native\25\windows-amd64\native-platform.dll
0x00007fff4d1d0000 - 0x00007fff4d1dd000 	C:\Program Files\Android\Android Studio\jre\jre\bin\management.dll
0x00007fff51690000 - 0x00007fff516a7000 	C:\WINDOWS\SYSTEM32\CRYPTSP.dll
0x00007fff510d0000 - 0x00007fff51103000 	C:\WINDOWS\system32\rsaenh.dll
0x00007fff51790000 - 0x00007fff517b5000 	C:\WINDOWS\SYSTEM32\bcrypt.dll
0x00007fff51b90000 - 0x00007fff51bb9000 	C:\WINDOWS\SYSTEM32\USERENV.dll
0x00007fff51680000 - 0x00007fff5168b000 	C:\WINDOWS\SYSTEM32\CRYPTBASE.dll
0x00007fff51250000 - 0x00007fff51289000 	C:\WINDOWS\SYSTEM32\IPHLPAPI.DLL
0x00007fff53500000 - 0x00007fff53508000 	C:\WINDOWS\System32\NSI.dll
0x00007fff49310000 - 0x00007fff49326000 	C:\WINDOWS\SYSTEM32\dhcpcsvc6.DLL
0x00007fff492f0000 - 0x00007fff4930a000 	C:\WINDOWS\SYSTEM32\dhcpcsvc.DLL
0x00007fff4a2c0000 - 0x00007fff4a2e4000 	C:\Program Files\Android\Android Studio\jre\jre\bin\sunec.dll
0x00007fff51290000 - 0x00007fff51346000 	C:\WINDOWS\SYSTEM32\DNSAPI.dll
0x00007fff493b0000 - 0x00007fff493ba000 	C:\Windows\System32\rasadhlp.dll
0x00007fff468b0000 - 0x00007fff46920000 	C:\WINDOWS\System32\fwpuclnt.dll
0x00007fff4c2a0000 - 0x00007fff4c2ab000 	C:\Program Files\Android\Android Studio\jre\jre\bin\sunmscapi.dll
0x00007fff52c40000 - 0x00007fff52e0e000 	C:\WINDOWS\System32\CRYPT32.dll
0x00007fff51cd0000 - 0x00007fff51ce2000 	C:\WINDOWS\System32\MSASN1.dll
0x00007fff50e80000 - 0x00007fff50eb1000 	C:\WINDOWS\SYSTEM32\ntmarta.dll

VM Arguments:
jvm_args: -XX:MaxPermSize=512m -XX:+HeapDumpOnOutOfMemoryError -Xmx2048m -Dfile.encoding=UTF-8 -Duser.country=US -Duser.language=en -Duser.variant 
java_command: org.gradle.launcher.daemon.bootstrap.GradleDaemon 4.1
java_class_path (initial): C:\Users\Aban\.gradle\wrapper\dists\gradle-4.1-all\bzyivzo6n839fup2jbap0tjew\gradle-4.1\lib\gradle-launcher-4.1.jar
Launcher Type: SUN_STANDARD

Environment Variables:
PATH=C:\WINDOWS\system32;C:\WINDOWS;C:\WINDOWS\System32\Wbem;C:\WINDOWS\System32\WindowsPowerShell\v1.0\;C:\Program Files (x86)\ATI Technologies\ATI.ACE\Core-Static;C:\Program Files\Git\cmd;C:\Users\Aban\AppData\Local\Microsoft\WindowsApps;;C:\Program Files (x86)\Microsoft VS Code\bin
USERNAME=Aban
OS=Windows_NT
PROCESSOR_IDENTIFIER=Intel64 Family 6 Model 58 Stepping 9, GenuineIntel



---------------  S Y S T E M  ---------------

OS: Windows 10.0 , 64 bit Build 16299 (10.0.16299.15)

CPU:total 8 (initial active 8) (4 cores per cpu, 2 threads per core) family 6 model 58 stepping 9, cmov, cx8, fxsr, mmx, sse, sse2, sse3, ssse3, sse4.1, sse4.2, popcnt, avx, aes, clmul, erms, ht, tsc, tscinvbit, tscinv

Memory: 4k page, physical 8260968k(683616k free), swap 33426792k(4260k free)

vm_info: OpenJDK 64-Bit Server VM (25.152-b01) for windows-amd64 JRE (1.8.0_152-release-915-b01), built by "builder" with MS VC++ 10.0 (VS2010)

time: Mon Dec 18 16:30:03 2017
elapsed time: 3282 seconds (0d 0h 54m 42s)

